2018-01-18 11:50:17 Access denied for user 'root'@'localhost' (using password: YES):   在 MySql.Data.MySqlClient.MySqlStream.OpenPacket()
   在 MySql.Data.MySqlClient.NativeDriver.Authenticate411()
   在 MySql.Data.MySqlClient.NativeDriver.Authenticate()
   在 MySql.Data.MySqlClient.NativeDriver.Open()
   在 MySql.Data.MySqlClient.Driver.Create(MySqlConnectionStringBuilder settings)
   在 MySql.Data.MySqlClient.MySqlPool.GetPooledConnection()
   在 MySql.Data.MySqlClient.MySqlPool.TryToGetDriver()
   在 MySql.Data.MySqlClient.MySqlPool.GetConnection()
   在 MySql.Data.MySqlClient.MySqlConnection.Open()
   在 BLL.DbHelperSQL.Query(String SQLString)
2018-01-18 11:50:17 select * from ims_account
2018-01-18 11:51:55 Access denied for user 'root'@'localhost' (using password: YES):   在 MySql.Data.MySqlClient.MySqlStream.OpenPacket()
   在 MySql.Data.MySqlClient.NativeDriver.Authenticate411()
   在 MySql.Data.MySqlClient.NativeDriver.Authenticate()
   在 MySql.Data.MySqlClient.NativeDriver.Open()
   在 MySql.Data.MySqlClient.Driver.Create(MySqlConnectionStringBuilder settings)
   在 MySql.Data.MySqlClient.MySqlPool.GetPooledConnection()
   在 MySql.Data.MySqlClient.MySqlPool.TryToGetDriver()
   在 MySql.Data.MySqlClient.MySqlPool.GetConnection()
   在 MySql.Data.MySqlClient.MySqlConnection.Open()
   在 BLL.DbHelperSQL.Query(String SQLString)
2018-01-18 11:51:55 select * from ims_account
2018-01-18 11:52:01 Access denied for user 'root'@'localhost' (using password: YES):   在 MySql.Data.MySqlClient.MySqlStream.OpenPacket()
   在 MySql.Data.MySqlClient.NativeDriver.Authenticate411()
   在 MySql.Data.MySqlClient.NativeDriver.Authenticate()
   在 MySql.Data.MySqlClient.NativeDriver.Open()
   在 MySql.Data.MySqlClient.Driver.Create(MySqlConnectionStringBuilder settings)
   在 MySql.Data.MySqlClient.MySqlPool.GetPooledConnection()
   在 MySql.Data.MySqlClient.MySqlPool.TryToGetDriver()
   在 MySql.Data.MySqlClient.MySqlPool.GetConnection()
   在 MySql.Data.MySqlClient.MySqlConnection.Open()
   在 BLL.DbHelperSQL.Query(String SQLString)
2018-01-18 11:52:01 select * from ims_account
